c:\users\ronni\desktop\game development\real time graphics\direct3d11\debug\tutorial04_ps.cso
c:\users\ronni\desktop\game development\real time graphics\direct3d11\debug\tutorial04_vs.cso
c:\users\ronni\desktop\game development\real time graphics\direct3d11\tutorial04\debug\tutorial04.res
c:\users\ronni\desktop\game development\real time graphics\direct3d11\tutorial04\debug\tutorial04.obj
c:\users\ronni\desktop\game development\real time graphics\direct3d11\tutorial04\debug\vc141.idb
c:\users\ronni\desktop\game development\real time graphics\direct3d11\tutorial04\debug\vc143.idb
c:\users\ronni\desktop\game development\real time graphics\direct3d11\tutorial04\debug\vc141.pdb
c:\users\ronni\desktop\game development\real time graphics\direct3d11\tutorial04\debug\vc143.pdb
c:\users\ronni\desktop\game development\real time graphics\direct3d11\debug\tutorial04.pdb
c:\users\ronni\desktop\game development\real time graphics\direct3d11\tutorial04\debug\tutorial04.tlog\cl.command.1.tlog
c:\users\ronni\desktop\game development\real time graphics\direct3d11\tutorial04\debug\tutorial04.tlog\fxc.command.1.tlog
c:\users\ronni\desktop\game development\real time graphics\direct3d11\tutorial04\debug\tutorial04.tlog\fxc.read.1.tlog
c:\users\ronni\desktop\game development\real time graphics\direct3d11\tutorial04\debug\tutorial04.tlog\fxc.write.1.tlog
c:\users\ronni\desktop\game development\real time graphics\direct3d11\tutorial04\debug\tutorial04.tlog\link-cvtres.read.1.tlog
c:\users\ronni\desktop\game development\real time graphics\direct3d11\tutorial04\debug\tutorial04.tlog\link-cvtres.write.1.tlog
c:\users\ronni\desktop\game development\real time graphics\direct3d11\tutorial04\debug\tutorial04.tlog\link-mt.read.1.tlog
c:\users\ronni\desktop\game development\real time graphics\direct3d11\tutorial04\debug\tutorial04.tlog\link-mt.write.1.tlog
c:\users\ronni\desktop\game development\real time graphics\direct3d11\tutorial04\debug\tutorial04.tlog\link-rc.read.1.tlog
c:\users\ronni\desktop\game development\real time graphics\direct3d11\tutorial04\debug\tutorial04.tlog\link-rc.write.1.tlog
c:\users\ronni\desktop\game development\real time graphics\direct3d11\tutorial04\debug\tutorial04.tlog\link.command.1.tlog
c:\users\ronni\desktop\game development\real time graphics\direct3d11\tutorial04\debug\tutorial04.tlog\link.read.1.tlog
c:\users\ronni\desktop\game development\real time graphics\direct3d11\tutorial04\debug\tutorial04.tlog\link.write.1.tlog
c:\users\ronni\desktop\game development\real time graphics\direct3d11\tutorial04\debug\tutorial04.tlog\rc.command.1.tlog
c:\users\ronni\desktop\game development\real time graphics\direct3d11\tutorial04\debug\tutorial04.tlog\rc.read.1.tlog
c:\users\ronni\desktop\game development\real time graphics\direct3d11\tutorial04\debug\tutorial04.tlog\rc.write.1.tlog
