  Tutorial04.cpp
C:\Users\ronni\Desktop\Game Development\Real Time Graphics\Direct3D11\Tutorial04\Tutorial04.cpp(554,33): warning C4267: '=': conversion from 'size_t' to 'int', possible loss of data
C:\Users\ronni\Desktop\Game Development\Real Time Graphics\Direct3D11\Tutorial04\Tutorial04.cpp(565,60): warning C4267: '=': conversion from 'size_t' to 'UINT', possible loss of data
C:\Users\ronni\Desktop\Game Development\Real Time Graphics\Direct3D11\Tutorial04\Tutorial04.cpp(624,41): warning C4838: conversion from 'int' to 'WORD' requires a narrowing conversion
C:\Users\ronni\Desktop\Game Development\Real Time Graphics\Direct3D11\Tutorial04\Tutorial04.cpp(628,2): warning C4245: 'initializing': conversion from 'int' to 'WORD', signed/unsigned mismatch
C:\Users\ronni\Desktop\Game Development\Real Time Graphics\Direct3D11\Tutorial04\Tutorial04.cpp(627,48): warning C4838: conversion from 'int' to 'WORD' requires a narrowing conversion
C:\Users\ronni\Desktop\Game Development\Real Time Graphics\Direct3D11\Tutorial04\Tutorial04.cpp(637,27): warning C4244: '=': conversion from 'int' to 'WORD', possible loss of data
C:\Users\ronni\Desktop\Game Development\Real Time Graphics\Direct3D11\Tutorial04\Tutorial04.cpp(638,31): warning C4244: '=': conversion from 'int' to 'WORD', possible loss of data
C:\Users\ronni\Desktop\Game Development\Real Time Graphics\Direct3D11\Tutorial04\Tutorial04.cpp(639,37): warning C4244: '=': conversion from 'int' to 'WORD', possible loss of data
C:\Users\ronni\Desktop\Game Development\Real Time Graphics\Direct3D11\Tutorial04\Tutorial04.cpp(640,37): warning C4244: '=': conversion from 'int' to 'WORD', possible loss of data
C:\Users\ronni\Desktop\Game Development\Real Time Graphics\Direct3D11\Tutorial04\Tutorial04.cpp(641,31): warning C4244: '=': conversion from 'int' to 'WORD', possible loss of data
C:\Users\ronni\Desktop\Game Development\Real Time Graphics\Direct3D11\Tutorial04\Tutorial04.cpp(642,37): warning C4244: '=': conversion from 'int' to 'WORD', possible loss of data
C:\Users\ronni\Desktop\Game Development\Real Time Graphics\Direct3D11\Tutorial04\Tutorial04.cpp(654,42): warning C4244: 'argument': conversion from 'unsigned int' to '_Ty', possible loss of data
          with
          [
              _Ty=WORD
          ]
C:\Users\ronni\Desktop\Game Development\Real Time Graphics\Direct3D11\Tutorial04\Tutorial04.cpp(663,51): warning C4267: '=': conversion from 'size_t' to 'UINT', possible loss of data
C:\Users\ronni\Desktop\Game Development\Real Time Graphics\Direct3D11\Tutorial04\Tutorial04.cpp(475,13): warning C4189: 'nVertices': local variable is initialized but not referenced
C:\Users\ronni\Desktop\Game Development\Real Time Graphics\Direct3D11\Tutorial04\Tutorial04.cpp(476,13): warning C4189: 'nGridUnit': local variable is initialized but not referenced
  Generating code
  5 of 155 functions ( 3.2%) were compiled, the rest were copied from previous compilation.
    0 functions were new in current compilation
    1 functions had inline decision re-evaluated but remain unchanged
  Finished generating code
  Tutorial04_2019.vcxproj -> C:\Users\ronni\Desktop\Game Development\Real Time Graphics\Direct3D11\x64\Release\Tutorial04.exe
